<?xml version="1.0" encoding="UTF-8"?>
<testsuite name="com.wawrze.asd.exercise2.EuclidTestSuite" tests="5" skipped="0" failures="0" errors="0" timestamp="2018-11-20T20:17:21" hostname="WawraHyperbook" time="0.031">
  <properties/>
  <testcase name="testEuclid1" classname="com.wawrze.asd.exercise2.EuclidTestSuite" time="0.015"/>
  <testcase name="testEuclid2" classname="com.wawrze.asd.exercise2.EuclidTestSuite" time="0.005"/>
  <testcase name="testEuclid3" classname="com.wawrze.asd.exercise2.EuclidTestSuite" time="0.004"/>
  <testcase name="testEuclid4" classname="com.wawrze.asd.exercise2.EuclidTestSuite" time="0.005"/>
  <testcase name="testEuclid5" classname="com.wawrze.asd.exercise2.EuclidTestSuite" time="0.002"/>
  <system-out><![CDATA[Result of the algorithm:
NWD(54,69)=3
Result saved to file "Out0203.txt"
Result of the algorithm:
NWD(54,0)=54
Result saved to file "Out0203.txt"
Result of the algorithm:
NWD(1122,867)=51
Result saved to file "Out0203.txt"
Result of the algorithm:
NWD(282,78)=6
Result saved to file "Out0203.txt"
Result of the algorithm:
NWD(243,111)=3
Result saved to file "Out0203.txt"
]]></system-out>
  <system-err><![CDATA[]]></system-err>
</testsuite>
